<?xml version="1.0" encoding="UTF-8"?>
<!-- Generated by org.testng.reporters.JUnitReportReporter -->
<testsuite skipped="0" hostname="THUNDURUS" name="script.propertypg" tests="1" failures="0" timestamp="15 Apr 2019 19:44:33 GMT" time="0.011" errors="0">
  <testcase name="details" time="0.011" classname="script.propertypg"/>
</testsuite> <!-- script.propertypg -->
