<?xml version="1.0" encoding="UTF-8"?>
<!-- Generated by org.testng.reporters.JUnitReportReporter -->
<testsuite skipped="0" hostname="THUNDURUS" name="script.homepg" tests="1" failures="0" timestamp="15 Apr 2019 19:44:33 GMT" time="13.586" errors="0">
  <testcase name="zoop" time="13.586" classname="script.homepg"/>
</testsuite> <!-- script.homepg -->
