<?xml version="1.0" encoding="UTF-8"?>
<!-- Generated by org.testng.reporters.JUnitReportReporter -->
<testsuite hostname="thundurus" failures="0" tests="1" name="testCases.productPg" time="11.721" errors="0" timestamp="22 Aug 2019 17:17:09 GMT" skipped="0">
  <testcase classname="testCases.productPg" name="product" time="11.721"/>
</testsuite> <!-- testCases.productPg -->
