<?xml version="1.0" encoding="UTF-8"?>
<!-- Generated by org.testng.reporters.JUnitReportReporter -->
<testsuite hostname="thundurus" failures="0" tests="1" name="testCases.cartPg" time="6.313" errors="0" timestamp="2019-08-29T19:08:16 IST" skipped="0">
  <testcase classname="testCases.cartPg" name="cart" time="6.313"/>
</testsuite> <!-- testCases.cartPg -->
