<?xml version="1.0" encoding="UTF-8"?>
<!-- Generated by org.testng.reporters.JUnitReportReporter -->
<testsuite hostname="thundurus" failures="0" tests="1" name="testCases.productPg" time="11.423" errors="0" timestamp="23 Aug 2019 09:05:22 GMT" skipped="0">
  <testcase classname="testCases.productPg" name="product" time="11.423"/>
</testsuite> <!-- testCases.productPg -->
