<?xml version="1.0" encoding="UTF-8"?>
<!-- Generated by org.testng.reporters.JUnitReportReporter -->
<testsuite hostname="thundurus" failures="0" tests="1" name="testCases.listingPg" time="1.217" errors="0" timestamp="02 Aug 2019 04:34:51 GMT" skipped="0">
  <testcase classname="testCases.listingPg" name="listing" time="1.217"/>
</testsuite> <!-- testCases.listingPg -->
