<?xml version="1.0" encoding="UTF-8"?>
<!-- Generated by org.testng.reporters.JUnitReportReporter -->
<testsuite hostname="thundurus" failures="0" tests="1" name="testCases.productPg" time="7.424" errors="0" timestamp="31 Jul 2019 20:34:03 GMT" skipped="0">
  <testcase classname="testCases.productPg" name="product" time="7.424"/>
</testsuite> <!-- testCases.productPg -->
