<?xml version="1.0" encoding="UTF-8"?>
<!-- Generated by org.testng.reporters.JUnitReportReporter -->
<testsuite hostname="thundurus" failures="0" tests="1" name="testCases.searchPg" time="3.484" errors="0" timestamp="23 Aug 2019 09:05:21 GMT" skipped="0">
  <testcase classname="testCases.searchPg" name="search" time="3.484"/>
</testsuite> <!-- testCases.searchPg -->
