<?xml version="1.0" encoding="UTF-8"?>
<!-- Generated by org.testng.reporters.JUnitReportReporter -->
<testsuite hostname="thundurus" failures="0" tests="1" name="testCases.listingPg" time="3.047" errors="0" timestamp="30 Jul 2019 19:39:11 GMT" skipped="0">
  <testcase classname="testCases.listingPg" name="listing" time="3.047"/>
</testsuite> <!-- testCases.listingPg -->
