<?xml version="1.0" encoding="UTF-8"?>
<!-- Generated by org.testng.reporters.JUnitReportReporter -->
<testsuite hostname="thundurus" failures="0" tests="1" name="testCases.searchPg" time="7.630" errors="0" timestamp="31 Jul 2019 20:34:03 GMT" skipped="0">
  <testcase classname="testCases.searchPg" name="search" time="7.630"/>
</testsuite> <!-- testCases.searchPg -->
