<?xml version="1.0" encoding="UTF-8"?>
<!-- Generated by org.testng.reporters.JUnitReportReporter -->
<testsuite hostname="thundurus" failures="0" tests="1" name="testCases.loginPg" time="9.490" errors="0" timestamp="12 Aug 2019 19:34:19 GMT" skipped="0">
  <testcase classname="testCases.loginPg" name="login" time="9.490"/>
</testsuite> <!-- testCases.loginPg -->
