<?xml version="1.0" encoding="UTF-8"?>
<!-- Generated by org.testng.reporters.JUnitReportReporter -->
<testsuite hostname="thundurus" failures="0" tests="1" name="testCases.searchPg" time="2.024" errors="0" timestamp="02 Aug 2019 04:34:51 GMT" skipped="0">
  <testcase classname="testCases.searchPg" name="search" time="2.024"/>
</testsuite> <!-- testCases.searchPg -->
