<?xml version="1.0" encoding="UTF-8"?>
<!-- Generated by org.testng.reporters.JUnitReportReporter -->
<testsuite hostname="thundurus" failures="0" tests="1" name="testCases.loginPg" time="9.477" errors="0" timestamp="02 Aug 2019 04:34:51 GMT" skipped="0">
  <testcase classname="testCases.loginPg" name="login" time="9.477"/>
</testsuite> <!-- testCases.loginPg -->
