<?xml version="1.0" encoding="UTF-8"?>
<!-- Generated by org.testng.reporters.JUnitReportReporter -->
<testsuite hostname="thundurus" failures="0" tests="1" name="testCases.minicartPop" time="13.796" errors="0" timestamp="12 Aug 2019 19:34:19 GMT" skipped="0">
  <testcase classname="testCases.minicartPop" name="miniCart" time="13.796"/>
</testsuite> <!-- testCases.minicartPop -->
