<?xml version="1.0" encoding="UTF-8"?>
<!-- Generated by org.testng.reporters.JUnitReportReporter -->
<testsuite hostname="thundurus" failures="0" tests="1" name="testCases.cartPg" time="6.445" errors="0" timestamp="23 Aug 2019 09:05:21 GMT" skipped="0">
  <testcase classname="testCases.cartPg" name="cart" time="6.445"/>
</testsuite> <!-- testCases.cartPg -->
