<?xml version="1.0" encoding="UTF-8"?>
<!-- Generated by org.testng.reporters.JUnitReportReporter -->
<testsuite hostname="thundurus" failures="0" tests="1" name="testCases.productPg" time="5.219" errors="0" timestamp="29 Jul 2019 20:39:01 GMT" skipped="0">
  <testcase classname="testCases.productPg" name="product" time="5.219"/>
</testsuite> <!-- testCases.productPg -->
