<?xml version="1.0" encoding="UTF-8"?>
<!-- Generated by org.testng.reporters.JUnitReportReporter -->
<testsuite hostname="thundurus" failures="0" tests="1" name="testCases.checkoutPg" time="18.696" errors="0" timestamp="2019-08-29T19:08:16 IST" skipped="0">
  <testcase classname="testCases.checkoutPg" name="checkout" time="18.696"/>
</testsuite> <!-- testCases.checkoutPg -->
