<?xml version="1.0" encoding="UTF-8"?>
<!-- Generated by org.testng.reporters.JUnitReportReporter -->
<testsuite hostname="thundurus" failures="0" tests="1" name="testCases.searchPg" time="5.987" errors="0" timestamp="30 Jul 2019 19:39:11 GMT" skipped="0">
  <testcase classname="testCases.searchPg" name="search" time="5.987"/>
</testsuite> <!-- testCases.searchPg -->
