<?xml version="1.0" encoding="UTF-8"?>
<!-- Generated by org.testng.reporters.JUnitReportReporter -->
<testsuite hostname="thundurus" failures="0" tests="1" name="testCases.loginPg" time="9.608" errors="0" timestamp="31 Jul 2019 20:34:03 GMT" skipped="0">
  <testcase classname="testCases.loginPg" name="login" time="9.608"/>
</testsuite> <!-- testCases.loginPg -->
