<?xml version="1.0" encoding="UTF-8"?>
<!-- Generated by org.testng.reporters.JUnitReportReporter -->
<testsuite hostname="thundurus" failures="0" tests="1" name="testCases.listingPg" time="0.000" errors="0" timestamp="13 Aug 2019 05:02:59 GMT" skipped="1">
  <testcase classname="testCases.listingPg" name="listing" time="0.000">
    <skipped/>
  </testcase> <!-- listing -->
</testsuite> <!-- testCases.listingPg -->
