<?xml version="1.0" encoding="UTF-8"?>
<!-- Generated by org.testng.reporters.JUnitReportReporter -->
<testsuite hostname="thundurus" failures="0" tests="1" name="testCases.listingPg" time="4.020" errors="0" timestamp="27 Jul 2019 20:18:09 GMT" skipped="0">
  <testcase classname="testCases.listingPg" name="listing" time="4.020"/>
</testsuite> <!-- testCases.listingPg -->
