<?xml version="1.0" encoding="UTF-8"?>
<!-- Generated by org.testng.reporters.JUnitReportReporter -->
<testsuite hostname="thundurus" failures="0" tests="1" name="testCases.searchPg" time="2.120" errors="0" timestamp="2019-08-29T19:08:16 IST" skipped="0">
  <testcase classname="testCases.searchPg" name="search" time="2.120"/>
</testsuite> <!-- testCases.searchPg -->
