<?xml version="1.0" encoding="UTF-8"?>
<!-- Generated by org.testng.reporters.JUnitReportReporter -->
<testsuite hostname="thundurus" failures="0" tests="1" name="testCases.checkoutPg" time="20.194" errors="0" timestamp="23 Aug 2019 09:05:22 GMT" skipped="0">
  <testcase classname="testCases.checkoutPg" name="checkout" time="20.194"/>
</testsuite> <!-- testCases.checkoutPg -->
