<?xml version="1.0" encoding="UTF-8"?>
<!-- Generated by org.testng.reporters.JUnitReportReporter -->
<testsuite hostname="thundurus" failures="0" tests="1" name="testCases.productPg" time="6.376" errors="0" timestamp="30 Jul 2019 19:39:11 GMT" skipped="0">
  <testcase classname="testCases.productPg" name="product" time="6.376"/>
</testsuite> <!-- testCases.productPg -->
