<?xml version="1.0" encoding="UTF-8"?>
<!-- Generated by org.testng.reporters.JUnitReportReporter -->
<testsuite hostname="thundurus" failures="0" tests="1" name="testCases.homePg" time="9.221" errors="0" timestamp="27 Jul 2019 17:58:18 GMT" skipped="0">
  <testcase classname="testCases.homePg" name="home" time="9.221"/>
</testsuite> <!-- testCases.homePg -->
