<?xml version="1.0" encoding="UTF-8"?>
<!-- Generated by org.testng.reporters.JUnitReportReporter -->
<testsuite hostname="thundurus" failures="0" tests="1" name="testCases.cartPg" time="7.987" errors="0" timestamp="31 Jul 2019 20:34:03 GMT" skipped="0">
  <testcase classname="testCases.cartPg" name="cart" time="7.987"/>
</testsuite> <!-- testCases.cartPg -->
