<?xml version="1.0" encoding="UTF-8"?>
<!-- Generated by org.testng.reporters.JUnitReportReporter -->
<testsuite hostname="thundurus" failures="0" tests="1" name="testCases.homePage" time="12.324" errors="0" timestamp="2019-08-28T11:25:50 IST" skipped="0">
  <testcase classname="testCases.homePage" name="home" time="12.324"/>
</testsuite> <!-- testCases.homePage -->
