<?xml version="1.0" encoding="UTF-8"?>
<!-- Generated by org.testng.reporters.JUnitReportReporter -->
<testsuite skipped="0" hostname="THUNDURUS" name="scripts.getUrls" tests="1" failures="0" timestamp="08 May 2019 21:06:44 GMT" time="144.485" errors="0">
  <testcase name="find" time="144.485" classname="scripts.getUrls"/>
</testsuite> <!-- scripts.getUrls -->
