<?xml version="1.0" encoding="UTF-8"?>
<!-- Generated by org.testng.reporters.JUnitReportReporter -->
<testsuite skipped="0" hostname="THUNDURUS" name="scripts.getUrls" tests="1" failures="0" timestamp="18 Apr 2019 20:47:22 GMT" time="145.349" errors="0">
  <testcase name="find" time="145.349" classname="scripts.getUrls"/>
</testsuite> <!-- scripts.getUrls -->
